kotlin version: 2.0.21
error message: java.lang.AssertionError: this and base files have different roots:  and C:\Users\w\Desktop\AndroidStudioProjects\Bro2\app.
	at org.jetbrains.kotlin.com.intellij.openapi.diagnostic.DefaultLogger.error(DefaultLogger.java:83)
	at org.jetbrains.kotlin.com.intellij.openapi.diagnostic.Logger.error(Logger.java:436)
	at org.jetbrains.kotlin.com.intellij.util.io.PersistentEnumeratorBase.catchCorruption(PersistentEnumeratorBase.java:677)
	at org.jetbrains.kotlin.com.intellij.util.io.PersistentEnumeratorBase.doEnumerate(PersistentEnumeratorBase.java:265)
	at org.jetbrains.kotlin.com.intellij.util.io.PersistentEnumeratorBase.tryEnumerate(PersistentEnumeratorBase.java:256)
	at org.jetbrains.kotlin.com.intellij.util.io.PersistentMapImpl.doGet(PersistentMapImpl.java:655)
	at org.jetbrains.kotlin.com.intellij.util.io.PersistentMapImpl.get(PersistentMapImpl.java:613)
	at org.jetbrains.kotlin.com.intellij.util.io.PersistentHashMap.get(PersistentHashMap.java:196)
	at org.jetbrains.kotlin.incremental.storage.LazyStorage.get(LazyStorage.kt:76)
	at org.jetbrains.kotlin.incremental.storage.PersistentStorageWrapper.get(PersistentStorage.kt:92)
	at org.jetbrains.kotlin.incremental.LookupStorage.addFileIfNeeded(LookupStorage.kt:160)
	at org.jetbrains.kotlin.incremental.LookupStorage.addAll$lambda$4(LookupStorage.kt:117)
	at org.jetbrains.kotlin.utils.CollectionsKt.keysToMap(collections.kt:117)
	at org.jetbrains.kotlin.incremental.LookupStorage.addAll(LookupStorage.kt:117)
	at org.jetbrains.kotlin.incremental.BuildUtilKt.update(buildUtil.kt:134)
	at com.google.devtools.ksp.LookupStorageWrapperImpl.update(IncrementalContext.kt:231)
	at com.google.devtools.ksp.common.IncrementalContextBase.updateLookupCache(IncrementalContextBase.kt:133)
	at com.google.devtools.ksp.common.IncrementalContextBase.updateCaches(IncrementalContextBase.kt:365)
	at com.google.devtools.ksp.common.IncrementalContextBase.access$updateCaches(IncrementalContextBase.kt:62)
	at com.google.devtools.ksp.common.IncrementalContextBase$updateCachesAndOutputs$1.invoke(IncrementalContextBase.kt:476)
	at com.google.devtools.ksp.common.IncrementalContextBase$updateCachesAndOutputs$1.invoke(IncrementalContextBase.kt:428)
	at com.google.devtools.ksp.common.IncrementalContextBase.closeFilesOnException(IncrementalContextBase.kt:408)
	at com.google.devtools.ksp.common.IncrementalContextBase.updateCachesAndOutputs(IncrementalContextBase.kt:428)
	at com.google.devtools.ksp.AbstractKotlinSymbolProcessingExtension.doAnalysis(KotlinSymbolProcessingExtension.kt:376)
	at org.jetbrains.kotlin.cli.jvm.compiler.TopDownAnalyzerFacadeForJVM.analyzeFilesWithJavaIntegration(TopDownAnalyzerFacadeForJVM.kt:112)
	at org.jetbrains.kotlin.cli.jvm.compiler.TopDownAnalyzerFacadeForJVM.analyzeFilesWithJavaIntegration$default(TopDownAnalyzerFacadeForJVM.kt:75)
	at org.jetbrains.kotlin.cli.jvm.compiler.KotlinToJVMBytecodeCompiler.analyze$lambda$12(KotlinToJVMBytecodeCompiler.kt:373)
	at org.jetbrains.kotlin.cli.common.messages.AnalyzerWithCompilerReport.analyzeAndReport(AnalyzerWithCompilerReport.kt:112)
	at org.jetbrains.kotlin.cli.jvm.compiler.KotlinToJVMBytecodeCompiler.analyze(KotlinToJVMBytecodeCompiler.kt:364)
	at org.jetbrains.kotlin.cli.jvm.compiler.KotlinToJVMBytecodeCompiler.repeatAnalysisIfNeeded(KotlinToJVMBytecodeCompiler.kt:282)
	at org.jetbrains.kotlin.cli.jvm.compiler.KotlinToJVMBytecodeCompiler.repeatAnalysisIfNeeded(KotlinToJVMBytecodeCompiler.kt:282)
	at org.jetbrains.kotlin.cli.jvm.compiler.KotlinToJVMBytecodeCompiler.runFrontendAndGenerateIrUsingClassicFrontend(KotlinToJVMBytecodeCompiler.kt:195)
	at org.jetbrains.kotlin.cli.jvm.compiler.KotlinToJVMBytecodeCompiler.compileModules$cli(KotlinToJVMBytecodeCompiler.kt:106)
	at org.jetbrains.kotlin.cli.jvm.K2JVMCompiler.doExecute(K2JVMCompiler.kt:170)
	at org.jetbrains.kotlin.cli.jvm.K2JVMCompiler.doExecute(K2JVMCompiler.kt:43)
	at org.jetbrains.kotlin.cli.common.CLICompiler.execImpl(CLICompiler.kt:103)
	at org.jetbrains.kotlin.cli.common.CLICompiler.execImpl(CLICompiler.kt:49)
	at org.jetbrains.kotlin.cli.common.CLITool.exec(CLITool.kt:101)
	at org.jetbrains.kotlin.daemon.CompileServiceImpl.compile(CompileServiceImpl.kt:1555)
	at java.base/jdk.internal.reflect.DirectMethodHandleAccessor.invoke(Unknown Source)
	at java.base/java.lang.reflect.Method.invoke(Unknown Source)
	at java.rmi/sun.rmi.server.UnicastServerRef.dispatch(Unknown Source)
	at java.rmi/sun.rmi.transport.Transport$1.run(Unknown Source)
	at java.rmi/sun.rmi.transport.Transport$1.run(Unknown Source)
	at java.base/java.security.AccessController.doPrivileged(Unknown Source)
	at java.rmi/sun.rmi.transport.Transport.serviceCall(Unknown Source)
	at java.rmi/sun.rmi.transport.tcp.TCPTransport.handleMessages(Unknown Source)
	at java.rmi/sun.rmi.transport.tcp.TCPTransport$ConnectionHandler.run0(Unknown Source)
	at java.rmi/sun.rmi.transport.tcp.TCPTransport$ConnectionHandler.lambda$run$0(Unknown Source)
	at java.base/java.security.AccessController.doPrivileged(Unknown Source)
	at java.rmi/sun.rmi.transport.tcp.TCPTransport$ConnectionHandler.run(Unknown Source)
	at java.base/java.util.concurrent.ThreadPoolExecutor.runWorker(Unknown Source)
	at java.base/java.util.concurrent.ThreadPoolExecutor$Worker.run(Unknown Source)
	at java.base/java.lang.Thread.run(Unknown Source)
Caused by: java.lang.AssertionError: this and base files have different roots:  and C:\Users\w\Desktop\AndroidStudioProjects\Bro2\app.
	at org.jetbrains.kotlin.com.intellij.openapi.diagnostic.DefaultLogger.error(DefaultLogger.java:83)
	at org.jetbrains.kotlin.com.intellij.openapi.diagnostic.Logger.error(Logger.java:436)
	at org.jetbrains.kotlin.com.intellij.util.io.PersistentEnumeratorBase.catchCorruption(PersistentEnumeratorBase.java:677)
	at org.jetbrains.kotlin.com.intellij.util.io.PersistentEnumeratorBase.valueOf(PersistentEnumeratorBase.java:458)
	at org.jetbrains.kotlin.com.intellij.util.io.PersistentBTreeEnumerator.valueOf(PersistentBTreeEnumerator.java:779)
	at org.jetbrains.kotlin.com.intellij.util.io.PersistentEnumeratorBase.isKeyAtIndex(PersistentEnumeratorBase.java:397)
	at org.jetbrains.kotlin.com.intellij.util.io.PersistentBTreeEnumerator.enumerateImpl(PersistentBTreeEnumerator.java:596)
	at org.jetbrains.kotlin.com.intellij.util.io.PersistentEnumeratorBase.lambda$doEnumerate$0(PersistentEnumeratorBase.java:266)
	at org.jetbrains.kotlin.com.intellij.util.io.PersistentEnumeratorBase.catchCorruption(PersistentEnumeratorBase.java:654)
	... 51 more
Caused by: java.lang.IllegalArgumentException: this and base files have different roots:  and C:\Users\w\Desktop\AndroidStudioProjects\Bro2\app.
	at kotlin.io.FilesKt__UtilsKt.toRelativeString(Utils.kt:117)
	at kotlin.io.FilesKt__UtilsKt.relativeTo(Utils.kt:128)
	at com.google.devtools.ksp.RelativeFileToPathConverter.toFile(IncrementalContext.kt:243)
	at org.jetbrains.kotlin.incremental.storage.FileDescriptor.read(FileToPathConverter.kt:37)
	at org.jetbrains.kotlin.incremental.storage.FileDescriptor.read(FileToPathConverter.kt:30)
	at org.jetbrains.kotlin.com.intellij.util.io.keyStorage.AppendableStorageBackedByResizableMappedFile.read(AppendableStorageBackedByResizableMappedFile.java:92)
	at org.jetbrains.kotlin.com.intellij.util.io.PersistentEnumeratorBase.findValueFor(PersistentEnumeratorBase.java:470)
	at org.jetbrains.kotlin.com.intellij.util.io.PersistentEnumeratorBase.lambda$valueOf$2(PersistentEnumeratorBase.java:459)
	at org.jetbrains.kotlin.com.intellij.util.io.PersistentEnumeratorBase.catchCorruption(PersistentEnumeratorBase.java:654)
	... 57 more


